-----------------------------------------------------
START OF GAME OF LIFE: 
Generation #: 1
---X--X
-X--X--
-----XX
X-X-X--
-----XX

-------
----X-X
-X-XXX-
----X--
-----X-
Generation #: 2
-------
----X-X
-X-XXX-
----X--
-----X-

-------
---XX--
---X---
---X---
-------
Generation #: 3
-------
---XX--
---X---
---X---
-------

-------
---XX--
--XX---
-------
-------
Generation #: 4
-------
---XX--
--XX---
-------
-------

-------
--XXX--
--XXX--
-------
-------
Generation #: 5
-------
--XXX--
--XXX--
-------
-------

---X---
--X-X--
--X-X--
---X---
-------
Generation #: 6
---X---
--X-X--
--X-X--
---X---
-------

---X---
--X-X--
--X-X--
---X---
-------
Stabilized (current generation board and future genertation board equal each other)
